1628972130515	mozrunner::runner	INFO	Running command: "C:\\Program Files\\Mozilla Firefox\\firefox.exe" "-marionette" "-foreground" "-no-remote" "-profile" "C:\\Users\\narek\\AppData\\Local\\Temp\\rust_mozprofileeYOPsV"
1628972164489	mozrunner::runner	INFO	Running command: "C:\\Program Files\\Mozilla Firefox\\firefox.exe" "-marionette" "-foreground" "-no-remote" "-profile" "C:\\Users\\narek\\AppData\\Local\\Temp\\rust_mozprofile31cX0B"
1628972164821	Marionette	INFO	Marionette enabled
JavaScript error: resource://gre/modules/XULStore.jsm, line 66: Error: Can't find profile directory.
console.warn: SearchSettings: "get: No settings file exists, new profile?" (new NotFoundError("Could not open the file at C:\\Users\\narek\\AppData\\Local\\Temp\\rust_mozprofile31cX0B\\search.json.mozlz4", (void 0)))
1628972167174	Marionette	INFO	Listening on port 63928
1628972167670	Marionette	WARN	TLS certificate errors will be ignored for this session
1628972662606	Marionette	INFO	Stopped listening on port 63928
ram Files\\Mozilla Firefox\\firefox.exe" "-marionette" "-foreground" "-no-remote" "-profile" "C:\\Users\\narek\\AppData\\Local\\Temp\\rust_mozprofileF7SKWZ"
1628972180047	Marionette	INFO	Marionette enabled
JavaScript error: resource://gre/modules/XULStore.jsm, line 66: Error: Can't find profile directory.
console.warn: SearchSettings: "get: No settings file exists, new profile?" (new NotFoundError("Could not open the file at C:\\Users\\narek\\AppData\\Local\\Temp\\rust_mozprofileF7SKWZ\\search.json.mozlz4", (void 0)))
1628972182379	Marionette	INFO	Listening on port 61688
1628972182897	Marionette	WARN	TLS certificate errors will be ignored for this session
JavaScript error: , line 0: TypeError: NetworkError when attempting to fetch resource.
[Parent 48192, IPC I/O Parent] WARNING: file /builds/worker/checkouts/gecko/ipc/chromium/src/base/process_util_win.cc:167
JavaScript error: resource://gre/modules/AsyncShutdown.jsm, line 718: Error: Phase "Sqlite.jsm: wait until all connections are closed" is finished, it is too late to register completion condition "protections.sqlite#0: waiting for shutdown"
1628972663491	Marionette	INFO	Stopped listening on port 61688
dules/XULStore.jsm, line 66: Error: Can't find profile directory.
console.warn: SearchSettings: "get: No settings file exists, new profile?" (new NotFoundError("Could not open the file at C:\\Users\\narek\\AppData\\Local\\Temp\\rust_mozprofilexqxETS\\search.json.mozlz4", (void 0)))
1628972390574	Marionette	INFO	Listening on port 63665
1628972390642	Marionette	WARN	TLS certificate errors will be ignored for this session
JavaScript error: , line 0: TypeError: NetworkError when attempting to fetch resource.
JavaScript error: resource://gre/modules/AsyncShutdown.jsm, line 718: Error: Phase "Sqlite.jsm: wait until all connections are closed" is finished, it is too late to register completion condition "protections.sqlite#0: waiting for shutdown"
1628972664246	Marionette	INFO	Stopped listening on port 63665
dules/XULStore.jsm, line 66: Error: Can't find profile directory.
console.warn: SearchSettings: "get: No settings file exists, new profile?" (new NotFoundError("Could not open the file at C:\\Users\\narek\\AppData\\Local\\Temp\\rust_mozprofileQBNwe5\\search.json.mozlz4", (void 0)))
1628972442201	Marionette	INFO	Listening on port 55948
1628972442436	Marionette	WARN	TLS certificate errors will be ignored for this session
JavaScript error: , line 0: TypeError: NetworkError when attempting to fetch resource.
JavaScript error: , line 0: TypeError: NetworkError when attempting to fetch resource.
JavaScript error: , line 0: TypeError: NetworkError when attempting to fetch resource.
JavaScript error: , line 0: TypeError: NetworkError when attempting to fetch resource.
JavaScript error: , line 0: TypeError: NetworkError when attempting to fetch resource.
JavaScript error: , line 0: TypeError: NetworkError when attempting to fetch resource.
JavaScript error: , line 0: TypeError: NetworkError when attempting to fetch resource.
JavaScript error: , line 0: TypeError: NetworkError when attempting to fetch resource.
JavaScript error: , line 0: TypeError: NetworkError when attempting to fetch resource.
JavaScript error: , line 0: TypeError: NetworkError when attempting to fetch resource.
JavaScript error: , line 0: TypeError: NetworkError when attempting to fetch resource.
JavaScript error: , line 0: TypeError: NetworkError when attempting to fetch resource.
1628972664907	Marionette	INFO	Stopped listening on port 55948

###!!! [Child][RunMessage] Error: Channel closing: too late to send/recv, messages will be lost

